2022-06-04 17:48:31.834  INFO 11156 --- [restartedMain] Cart.Item.tuto.CartItemApplication       : Starting CartItemApplication using Java 17.0.2 on DESKTOP-NDAAKLP with PID 11156 (C:\Users\nabil mou\Desktop\Spring-Projects\cartItem\target\classes started by nabil mou in C:\Users\nabil mou\Desktop\Spring-Projects\cartItem)
2022-06-04 17:48:31.840  INFO 11156 --- [restartedMain] Cart.Item.tuto.CartItemApplication       : No active profile set, falling back to 1 default profile: "default"
2022-06-04 17:48:32.072  INFO 11156 --- [restartedMain] .e.DevToolsPropertyDefaultsPostProcessor : Devtools property defaults active! Set 'spring.devtools.add-properties' to 'false' to disable
2022-06-04 17:48:32.073  INFO 11156 --- [restartedMain] .e.DevToolsPropertyDefaultsPostProcessor : For additional web related logging consider setting the 'logging.level.web' property to 'DEBUG'
2022-06-04 17:48:34.480  INFO 11156 --- [restartedMain] .s.d.r.c.RepositoryConfigurationDelegate : Bootstrapping Spring Data JPA repositories in DEFAULT mode.
2022-06-04 17:48:34.643  INFO 11156 --- [restartedMain] .s.d.r.c.RepositoryConfigurationDelegate : Finished Spring Data repository scanning in 130 ms. Found 2 JPA repository interfaces.
2022-06-04 17:48:36.545  INFO 11156 --- [restartedMain] o.s.b.w.embedded.tomcat.TomcatWebServer  : Tomcat initialized with port(s): 8080 (http)
2022-06-04 17:48:36.571  INFO 11156 --- [restartedMain] o.apache.catalina.core.StandardService   : Starting service [Tomcat]
2022-06-04 17:48:36.572  INFO 11156 --- [restartedMain] org.apache.catalina.core.StandardEngine  : Starting Servlet engine: [Apache Tomcat/9.0.63]
2022-06-04 17:48:36.823  INFO 11156 --- [restartedMain] o.a.c.c.C.[Tomcat].[localhost].[/]       : Initializing Spring embedded WebApplicationContext
2022-06-04 17:48:36.825  INFO 11156 --- [restartedMain] w.s.c.ServletWebServerApplicationContext : Root WebApplicationContext: initialization completed in 4751 ms
2022-06-04 17:48:36.966  INFO 11156 --- [restartedMain] com.zaxxer.hikari.HikariDataSource       : HikariPool-1 - Starting...
2022-06-04 17:48:37.682  INFO 11156 --- [restartedMain] com.zaxxer.hikari.HikariDataSource       : HikariPool-1 - Start completed.
2022-06-04 17:48:37.721  INFO 11156 --- [restartedMain] o.s.b.a.h2.H2ConsoleAutoConfiguration    : H2 console available at '/h2'. Database available at 'jdbc:h2:mem:memDb'
2022-06-04 17:48:38.204  INFO 11156 --- [restartedMain] o.hibernate.jpa.internal.util.LogHelper  : HHH000204: Processing PersistenceUnitInfo [name: default]
2022-06-04 17:48:38.391  INFO 11156 --- [restartedMain] org.hibernate.Version                    : HHH000412: Hibernate ORM core version 5.6.9.Final
2022-06-04 17:48:39.055  INFO 11156 --- [restartedMain] o.hibernate.annotations.common.Version   : HCANN000001: Hibernate Commons Annotations {5.1.2.Final}
2022-06-04 17:48:39.415  INFO 11156 --- [restartedMain] org.hibernate.dialect.Dialect            : HHH000400: Using dialect: org.hibernate.dialect.H2Dialect
2022-06-04 17:48:40.895  INFO 11156 --- [restartedMain] o.h.e.t.j.p.i.JtaPlatformInitiator       : HHH000490: Using JtaPlatform implementation: [org.hibernate.engine.transaction.jta.platform.internal.NoJtaPlatform]
2022-06-04 17:48:40.914  INFO 11156 --- [restartedMain] j.LocalContainerEntityManagerFactoryBean : Initialized JPA EntityManagerFactory for persistence unit 'default'
2022-06-04 17:48:41.702  WARN 11156 --- [restartedMain] JpaBaseConfiguration$JpaWebConfiguration : spring.jpa.open-in-view is enabled by default. Therefore, database queries may be performed during view rendering. Explicitly configure spring.jpa.open-in-view to disable this warning
2022-06-04 17:48:42.381  INFO 11156 --- [restartedMain] o.s.b.d.a.OptionalLiveReloadServer       : LiveReload server is running on port 35729
2022-06-04 17:48:42.471  INFO 11156 --- [restartedMain] o.s.b.w.embedded.tomcat.TomcatWebServer  : Tomcat started on port(s): 8080 (http) with context path ''
2022-06-04 17:48:42.503  INFO 11156 --- [restartedMain] Cart.Item.tuto.CartItemApplication       : Started CartItemApplication in 12.113 seconds (JVM running for 14.717)
2022-06-04 17:50:46.951  INFO 11156 --- [http-nio-8080-exec-1] o.a.c.c.C.[Tomcat].[localhost].[/]       : Initializing Spring DispatcherServlet 'dispatcherServlet'
2022-06-04 17:50:46.952  INFO 11156 --- [http-nio-8080-exec-1] o.s.web.servlet.DispatcherServlet        : Initializing Servlet 'dispatcherServlet'
2022-06-04 17:50:46.955  INFO 11156 --- [http-nio-8080-exec-1] o.s.web.servlet.DispatcherServlet        : Completed initialization in 2 ms
2022-06-04 18:00:46.224  INFO 11156 --- [Thread-6] j.LocalContainerEntityManagerFactoryBean : Closing JPA EntityManagerFactory for persistence unit 'default'
2022-06-04 18:00:46.225  INFO 11156 --- [Thread-6] .SchemaDropperImpl$DelayedDropActionImpl : HHH000477: Starting delayed evictData of schema as part of SessionFactory shut-down'
2022-06-04 18:00:46.466  WARN 11156 --- [Thread-6] o.s.b.f.support.DisposableBeanAdapter    : Invocation of destroy method failed on bean with name 'inMemoryDatabaseShutdownExecutor': org.h2.jdbc.JdbcSQLNonTransientConnectionException: Database is already closed (to disable automatic closing at VM shutdown, add ";DB_CLOSE_ON_EXIT=FALSE" to the db URL) [90121-200]
2022-06-04 18:00:46.468  INFO 11156 --- [Thread-6] com.zaxxer.hikari.HikariDataSource       : HikariPool-1 - Shutdown initiated...
2022-06-04 18:00:46.471  INFO 11156 --- [Thread-6] com.zaxxer.hikari.HikariDataSource       : HikariPool-1 - Shutdown completed.
2022-06-04 18:00:46.631  INFO 11156 --- [restartedMain] Cart.Item.tuto.CartItemApplication       : Starting CartItemApplication using Java 17.0.2 on DESKTOP-NDAAKLP with PID 11156 (C:\Users\nabil mou\Desktop\Spring-Projects\cartItem\target\classes started by nabil mou in C:\Users\nabil mou\Desktop\Spring-Projects\cartItem)
2022-06-04 18:00:46.632  INFO 11156 --- [restartedMain] Cart.Item.tuto.CartItemApplication       : No active profile set, falling back to 1 default profile: "default"
2022-06-04 18:00:47.207  INFO 11156 --- [restartedMain] .s.d.r.c.RepositoryConfigurationDelegate : Bootstrapping Spring Data JPA repositories in DEFAULT mode.
2022-06-04 18:00:47.242  INFO 11156 --- [restartedMain] .s.d.r.c.RepositoryConfigurationDelegate : Finished Spring Data repository scanning in 33 ms. Found 2 JPA repository interfaces.
2022-06-04 18:00:47.522  INFO 11156 --- [restartedMain] o.s.b.w.embedded.tomcat.TomcatWebServer  : Tomcat initialized with port(s): 8080 (http)
2022-06-04 18:00:47.527  INFO 11156 --- [restartedMain] o.apache.catalina.core.StandardService   : Starting service [Tomcat]
2022-06-04 18:00:47.527  INFO 11156 --- [restartedMain] org.apache.catalina.core.StandardEngine  : Starting Servlet engine: [Apache Tomcat/9.0.63]
2022-06-04 18:00:47.589  INFO 11156 --- [restartedMain] o.a.c.c.C.[Tomcat].[localhost].[/]       : Initializing Spring embedded WebApplicationContext
2022-06-04 18:00:47.590  INFO 11156 --- [restartedMain] w.s.c.ServletWebServerApplicationContext : Root WebApplicationContext: initialization completed in 945 ms
2022-06-04 18:00:47.643  INFO 11156 --- [restartedMain] com.zaxxer.hikari.HikariDataSource       : HikariPool-2 - Starting...
2022-06-04 18:00:47.649  INFO 11156 --- [restartedMain] com.zaxxer.hikari.HikariDataSource       : HikariPool-2 - Start completed.
2022-06-04 18:00:47.650  INFO 11156 --- [restartedMain] o.s.b.a.h2.H2ConsoleAutoConfiguration    : H2 console available at '/h2'. Database available at 'jdbc:h2:mem:memDb'
2022-06-04 18:00:47.720  INFO 11156 --- [restartedMain] o.hibernate.jpa.internal.util.LogHelper  : HHH000204: Processing PersistenceUnitInfo [name: default]
2022-06-04 18:00:47.736  INFO 11156 --- [restartedMain] org.hibernate.dialect.Dialect            : HHH000400: Using dialect: org.hibernate.dialect.H2Dialect
2022-06-04 18:00:47.851  INFO 11156 --- [restartedMain] o.h.e.t.j.p.i.JtaPlatformInitiator       : HHH000490: Using JtaPlatform implementation: [org.hibernate.engine.transaction.jta.platform.internal.NoJtaPlatform]
2022-06-04 18:00:47.852  INFO 11156 --- [restartedMain] j.LocalContainerEntityManagerFactoryBean : Initialized JPA EntityManagerFactory for persistence unit 'default'
2022-06-04 18:00:48.047  WARN 11156 --- [restartedMain] JpaBaseConfiguration$JpaWebConfiguration : spring.jpa.open-in-view is enabled by default. Therefore, database queries may be performed during view rendering. Explicitly configure spring.jpa.open-in-view to disable this warning
2022-06-04 18:00:48.310  INFO 11156 --- [restartedMain] o.s.b.d.a.OptionalLiveReloadServer       : LiveReload server is running on port 35729
2022-06-04 18:00:48.336  INFO 11156 --- [restartedMain] o.s.b.w.embedded.tomcat.TomcatWebServer  : Tomcat started on port(s): 8080 (http) with context path ''
2022-06-04 18:00:48.367  INFO 11156 --- [restartedMain] Cart.Item.tuto.CartItemApplication       : Started CartItemApplication in 1.812 seconds (JVM running for 740.582)
2022-06-04 18:00:48.373  INFO 11156 --- [restartedMain] .ConditionEvaluationDeltaLoggingListener : Condition evaluation unchanged
2022-06-04 18:00:56.882  INFO 11156 --- [http-nio-8080-exec-1] o.a.c.c.C.[Tomcat].[localhost].[/]       : Initializing Spring DispatcherServlet 'dispatcherServlet'
2022-06-04 18:00:56.882  INFO 11156 --- [http-nio-8080-exec-1] o.s.web.servlet.DispatcherServlet        : Initializing Servlet 'dispatcherServlet'
2022-06-04 18:00:56.884  INFO 11156 --- [http-nio-8080-exec-1] o.s.web.servlet.DispatcherServlet        : Completed initialization in 1 ms
2022-06-04 18:01:12.694  INFO 11156 --- [RMI TCP Connection(21)-127.0.0.1] inMXBeanRegistrar$SpringApplicationAdmin : Application shutdown requested.
2022-06-04 18:01:12.727  INFO 11156 --- [RMI TCP Connection(21)-127.0.0.1] j.LocalContainerEntityManagerFactoryBean : Closing JPA EntityManagerFactory for persistence unit 'default'
2022-06-04 18:01:12.728  INFO 11156 --- [RMI TCP Connection(21)-127.0.0.1] .SchemaDropperImpl$DelayedDropActionImpl : HHH000477: Starting delayed evictData of schema as part of SessionFactory shut-down'
2022-06-04 18:01:13.135  WARN 11156 --- [RMI TCP Connection(21)-127.0.0.1] o.s.b.f.support.DisposableBeanAdapter    : Invocation of destroy method failed on bean with name 'inMemoryDatabaseShutdownExecutor': org.h2.jdbc.JdbcSQLNonTransientConnectionException: Database is already closed (to disable automatic closing at VM shutdown, add ";DB_CLOSE_ON_EXIT=FALSE" to the db URL) [90121-200]
2022-06-04 18:01:13.136  INFO 11156 --- [RMI TCP Connection(21)-127.0.0.1] com.zaxxer.hikari.HikariDataSource       : HikariPool-2 - Shutdown initiated...
2022-06-04 18:01:13.188  INFO 11156 --- [RMI TCP Connection(21)-127.0.0.1] com.zaxxer.hikari.HikariDataSource       : HikariPool-2 - Shutdown completed.
2022-06-04 18:01:30.201  INFO 2312 --- [restartedMain] Cart.Item.tuto.CartItemApplication       : Starting CartItemApplication using Java 17.0.2 on DESKTOP-NDAAKLP with PID 2312 (C:\Users\nabil mou\Desktop\Spring-Projects\cartItem\target\classes started by nabil mou in C:\Users\nabil mou\Desktop\Spring-Projects\cartItem)
2022-06-04 18:01:30.205  INFO 2312 --- [restartedMain] Cart.Item.tuto.CartItemApplication       : No active profile set, falling back to 1 default profile: "default"
2022-06-04 18:01:30.330  INFO 2312 --- [restartedMain] .e.DevToolsPropertyDefaultsPostProcessor : Devtools property defaults active! Set 'spring.devtools.add-properties' to 'false' to disable
2022-06-04 18:01:30.331  INFO 2312 --- [restartedMain] .e.DevToolsPropertyDefaultsPostProcessor : For additional web related logging consider setting the 'logging.level.web' property to 'DEBUG'
2022-06-04 18:01:31.746  INFO 2312 --- [restartedMain] .s.d.r.c.RepositoryConfigurationDelegate : Bootstrapping Spring Data JPA repositories in DEFAULT mode.
2022-06-04 18:01:31.860  INFO 2312 --- [restartedMain] .s.d.r.c.RepositoryConfigurationDelegate : Finished Spring Data repository scanning in 94 ms. Found 2 JPA repository interfaces.
2022-06-04 18:01:33.032  INFO 2312 --- [restartedMain] o.s.b.w.embedded.tomcat.TomcatWebServer  : Tomcat initialized with port(s): 8080 (http)
2022-06-04 18:01:33.049  INFO 2312 --- [restartedMain] o.apache.catalina.core.StandardService   : Starting service [Tomcat]
2022-06-04 18:01:33.050  INFO 2312 --- [restartedMain] org.apache.catalina.core.StandardEngine  : Starting Servlet engine: [Apache Tomcat/9.0.63]
2022-06-04 18:01:33.214  INFO 2312 --- [restartedMain] o.a.c.c.C.[Tomcat].[localhost].[/]       : Initializing Spring embedded WebApplicationContext
2022-06-04 18:01:33.215  INFO 2312 --- [restartedMain] w.s.c.ServletWebServerApplicationContext : Root WebApplicationContext: initialization completed in 2882 ms
2022-06-04 18:01:33.291  INFO 2312 --- [restartedMain] com.zaxxer.hikari.HikariDataSource       : HikariPool-1 - Starting...
2022-06-04 18:01:33.655  INFO 2312 --- [restartedMain] com.zaxxer.hikari.HikariDataSource       : HikariPool-1 - Start completed.
2022-06-04 18:01:33.678  INFO 2312 --- [restartedMain] o.s.b.a.h2.H2ConsoleAutoConfiguration    : H2 console available at '/h2'. Database available at 'jdbc:h2:mem:memDb'
2022-06-04 18:01:34.023  INFO 2312 --- [restartedMain] o.hibernate.jpa.internal.util.LogHelper  : HHH000204: Processing PersistenceUnitInfo [name: default]
2022-06-04 18:01:34.145  INFO 2312 --- [restartedMain] org.hibernate.Version                    : HHH000412: Hibernate ORM core version 5.6.9.Final
2022-06-04 18:01:34.629  INFO 2312 --- [restartedMain] o.hibernate.annotations.common.Version   : HCANN000001: Hibernate Commons Annotations {5.1.2.Final}
2022-06-04 18:01:34.909  INFO 2312 --- [restartedMain] org.hibernate.dialect.Dialect            : HHH000400: Using dialect: org.hibernate.dialect.H2Dialect
2022-06-04 18:01:36.210  INFO 2312 --- [restartedMain] o.h.e.t.j.p.i.JtaPlatformInitiator       : HHH000490: Using JtaPlatform implementation: [org.hibernate.engine.transaction.jta.platform.internal.NoJtaPlatform]
2022-06-04 18:01:36.226  INFO 2312 --- [restartedMain] j.LocalContainerEntityManagerFactoryBean : Initialized JPA EntityManagerFactory for persistence unit 'default'
2022-06-04 18:01:36.900  WARN 2312 --- [restartedMain] JpaBaseConfiguration$JpaWebConfiguration : spring.jpa.open-in-view is enabled by default. Therefore, database queries may be performed during view rendering. Explicitly configure spring.jpa.open-in-view to disable this warning
2022-06-04 18:01:37.581  INFO 2312 --- [restartedMain] o.s.b.d.a.OptionalLiveReloadServer       : LiveReload server is running on port 35729
2022-06-04 18:01:37.656  INFO 2312 --- [restartedMain] o.s.b.w.embedded.tomcat.TomcatWebServer  : Tomcat started on port(s): 8080 (http) with context path ''
2022-06-04 18:01:37.678  INFO 2312 --- [restartedMain] Cart.Item.tuto.CartItemApplication       : Started CartItemApplication in 8.419 seconds (JVM running for 10.42)
2022-06-04 18:01:48.102  INFO 2312 --- [http-nio-8080-exec-1] o.a.c.c.C.[Tomcat].[localhost].[/]       : Initializing Spring DispatcherServlet 'dispatcherServlet'
2022-06-04 18:01:48.104  INFO 2312 --- [http-nio-8080-exec-1] o.s.web.servlet.DispatcherServlet        : Initializing Servlet 'dispatcherServlet'
2022-06-04 18:01:48.108  INFO 2312 --- [http-nio-8080-exec-1] o.s.web.servlet.DispatcherServlet        : Completed initialization in 3 ms
2022-06-04 18:02:07.589  INFO 2312 --- [RMI TCP Connection(9)-127.0.0.1] inMXBeanRegistrar$SpringApplicationAdmin : Application shutdown requested.
2022-06-04 18:02:07.645  INFO 2312 --- [RMI TCP Connection(9)-127.0.0.1] j.LocalContainerEntityManagerFactoryBean : Closing JPA EntityManagerFactory for persistence unit 'default'
2022-06-04 18:02:07.646  INFO 2312 --- [RMI TCP Connection(9)-127.0.0.1] .SchemaDropperImpl$DelayedDropActionImpl : HHH000477: Starting delayed evictData of schema as part of SessionFactory shut-down'
2022-06-04 18:02:07.656  WARN 2312 --- [RMI TCP Connection(9)-127.0.0.1] o.h.t.s.i.e.GenerationTargetToDatabase   : HHH000335: Unable to log SQLWarnings : org.h2.jdbc.JdbcSQLNonTransientConnectionException: Database is already closed (to disable automatic closing at VM shutdown, add ";DB_CLOSE_ON_EXIT=FALSE" to the db URL) [90121-200]
2022-06-04 18:02:07.658 ERROR 2312 --- [RMI TCP Connection(9)-127.0.0.1] .SchemaDropperImpl$DelayedDropActionImpl : HHH000478: Unsuccessful: 
    drop table if exists item CASCADE 
2022-06-04 18:02:07.659 ERROR 2312 --- [RMI TCP Connection(9)-127.0.0.1] .SchemaDropperImpl$DelayedDropActionImpl : HHH000478: Unsuccessful: 
    drop sequence if exists hibernate_sequence
2022-06-04 18:02:07.661  WARN 2312 --- [RMI TCP Connection(9)-127.0.0.1] o.h.engine.jdbc.spi.SqlExceptionHelper   : SQL Error: 90121, SQLState: 90121
2022-06-04 18:02:07.662 ERROR 2312 --- [RMI TCP Connection(9)-127.0.0.1] o.h.engine.jdbc.spi.SqlExceptionHelper   : Database is already closed (to disable automatic closing at VM shutdown, add ";DB_CLOSE_ON_EXIT=FALSE" to the db URL) [90121-200]
2022-06-04 18:02:07.664  WARN 2312 --- [RMI TCP Connection(9)-127.0.0.1] o.s.b.f.support.DisposableBeanAdapter    : Invocation of destroy method failed on bean with name 'entityManagerFactory': org.hibernate.exception.JDBCConnectionException: Unable to release JDBC Connection used for DDL execution
2022-06-04 18:02:07.668  WARN 2312 --- [RMI TCP Connection(9)-127.0.0.1] o.s.b.f.support.DisposableBeanAdapter    : Invocation of destroy method failed on bean with name 'inMemoryDatabaseShutdownExecutor': org.h2.jdbc.JdbcSQLNonTransientConnectionException: Database is already closed (to disable automatic closing at VM shutdown, add ";DB_CLOSE_ON_EXIT=FALSE" to the db URL) [90121-200]
2022-06-04 18:02:07.670  INFO 2312 --- [RMI TCP Connection(9)-127.0.0.1] com.zaxxer.hikari.HikariDataSource       : HikariPool-1 - Shutdown initiated...
2022-06-04 18:02:07.677  INFO 2312 --- [RMI TCP Connection(9)-127.0.0.1] com.zaxxer.hikari.HikariDataSource       : HikariPool-1 - Shutdown completed.
2022-06-04 18:03:34.296  INFO 7548 --- [restartedMain] Cart.Item.tuto.CartItemApplication       : Starting CartItemApplication using Java 17.0.2 on DESKTOP-NDAAKLP with PID 7548 (C:\Users\nabil mou\Desktop\Spring-Projects\cartItem\target\classes started by nabil mou in C:\Users\nabil mou\Desktop\Spring-Projects\cartItem)
2022-06-04 18:03:34.300  INFO 7548 --- [restartedMain] Cart.Item.tuto.CartItemApplication       : No active profile set, falling back to 1 default profile: "default"
2022-06-04 18:03:34.425  INFO 7548 --- [restartedMain] .e.DevToolsPropertyDefaultsPostProcessor : Devtools property defaults active! Set 'spring.devtools.add-properties' to 'false' to disable
2022-06-04 18:03:34.426  INFO 7548 --- [restartedMain] .e.DevToolsPropertyDefaultsPostProcessor : For additional web related logging consider setting the 'logging.level.web' property to 'DEBUG'
2022-06-04 18:03:35.738  INFO 7548 --- [restartedMain] .s.d.r.c.RepositoryConfigurationDelegate : Bootstrapping Spring Data JPA repositories in DEFAULT mode.
2022-06-04 18:03:35.847  INFO 7548 --- [restartedMain] .s.d.r.c.RepositoryConfigurationDelegate : Finished Spring Data repository scanning in 85 ms. Found 2 JPA repository interfaces.
2022-06-04 18:03:37.091  INFO 7548 --- [restartedMain] o.s.b.w.embedded.tomcat.TomcatWebServer  : Tomcat initialized with port(s): 8080 (http)
2022-06-04 18:03:37.110  INFO 7548 --- [restartedMain] o.apache.catalina.core.StandardService   : Starting service [Tomcat]
2022-06-04 18:03:37.111  INFO 7548 --- [restartedMain] org.apache.catalina.core.StandardEngine  : Starting Servlet engine: [Apache Tomcat/9.0.63]
2022-06-04 18:03:37.268  INFO 7548 --- [restartedMain] o.a.c.c.C.[Tomcat].[localhost].[/]       : Initializing Spring embedded WebApplicationContext
2022-06-04 18:03:37.269  INFO 7548 --- [restartedMain] w.s.c.ServletWebServerApplicationContext : Root WebApplicationContext: initialization completed in 2841 ms
2022-06-04 18:03:37.334  INFO 7548 --- [restartedMain] com.zaxxer.hikari.HikariDataSource       : HikariPool-1 - Starting...
2022-06-04 18:03:37.722  INFO 7548 --- [restartedMain] com.zaxxer.hikari.HikariDataSource       : HikariPool-1 - Start completed.
2022-06-04 18:03:37.747  INFO 7548 --- [restartedMain] o.s.b.a.h2.H2ConsoleAutoConfiguration    : H2 console available at '/h2'. Database available at 'jdbc:h2:mem:memDb'
2022-06-04 18:03:38.082  INFO 7548 --- [restartedMain] o.hibernate.jpa.internal.util.LogHelper  : HHH000204: Processing PersistenceUnitInfo [name: default]
2022-06-04 18:03:38.188  INFO 7548 --- [restartedMain] org.hibernate.Version                    : HHH000412: Hibernate ORM core version 5.6.9.Final
2022-06-04 18:03:38.534  INFO 7548 --- [restartedMain] o.hibernate.annotations.common.Version   : HCANN000001: Hibernate Commons Annotations {5.1.2.Final}
2022-06-04 18:03:38.771  INFO 7548 --- [restartedMain] org.hibernate.dialect.Dialect            : HHH000400: Using dialect: org.hibernate.dialect.H2Dialect
2022-06-04 18:03:40.109  INFO 7548 --- [restartedMain] o.h.e.t.j.p.i.JtaPlatformInitiator       : HHH000490: Using JtaPlatform implementation: [org.hibernate.engine.transaction.jta.platform.internal.NoJtaPlatform]
2022-06-04 18:03:40.128  INFO 7548 --- [restartedMain] j.LocalContainerEntityManagerFactoryBean : Initialized JPA EntityManagerFactory for persistence unit 'default'
2022-06-04 18:03:40.811  WARN 7548 --- [restartedMain] JpaBaseConfiguration$JpaWebConfiguration : spring.jpa.open-in-view is enabled by default. Therefore, database queries may be performed during view rendering. Explicitly configure spring.jpa.open-in-view to disable this warning
2022-06-04 18:03:41.441  INFO 7548 --- [restartedMain] o.s.b.d.a.OptionalLiveReloadServer       : LiveReload server is running on port 35729
2022-06-04 18:03:41.517  INFO 7548 --- [restartedMain] o.s.b.w.embedded.tomcat.TomcatWebServer  : Tomcat started on port(s): 8080 (http) with context path ''
2022-06-04 18:03:41.541  INFO 7548 --- [restartedMain] Cart.Item.tuto.CartItemApplication       : Started CartItemApplication in 8.09 seconds (JVM running for 9.881)
2022-06-04 18:03:47.780  INFO 7548 --- [http-nio-8080-exec-1] o.a.c.c.C.[Tomcat].[localhost].[/]       : Initializing Spring DispatcherServlet 'dispatcherServlet'
2022-06-04 18:03:47.781  INFO 7548 --- [http-nio-8080-exec-1] o.s.web.servlet.DispatcherServlet        : Initializing Servlet 'dispatcherServlet'
2022-06-04 18:03:47.784  INFO 7548 --- [http-nio-8080-exec-1] o.s.web.servlet.DispatcherServlet        : Completed initialization in 2 ms
2022-06-04 18:43:32.809  INFO 7548 --- [Thread-6] j.LocalContainerEntityManagerFactoryBean : Closing JPA EntityManagerFactory for persistence unit 'default'
2022-06-04 18:43:32.810  INFO 7548 --- [Thread-6] .SchemaDropperImpl$DelayedDropActionImpl : HHH000477: Starting delayed evictData of schema as part of SessionFactory shut-down'
2022-06-04 18:43:33.053  WARN 7548 --- [Thread-6] o.s.b.f.support.DisposableBeanAdapter    : Invocation of destroy method failed on bean with name 'inMemoryDatabaseShutdownExecutor': org.h2.jdbc.JdbcSQLNonTransientConnectionException: Database is already closed (to disable automatic closing at VM shutdown, add ";DB_CLOSE_ON_EXIT=FALSE" to the db URL) [90121-200]
2022-06-04 18:43:33.056  INFO 7548 --- [Thread-6] com.zaxxer.hikari.HikariDataSource       : HikariPool-1 - Shutdown initiated...
2022-06-04 18:43:33.060  INFO 7548 --- [Thread-6] com.zaxxer.hikari.HikariDataSource       : HikariPool-1 - Shutdown completed.
2022-06-04 18:43:33.337  INFO 7548 --- [restartedMain] Cart.Item.tuto.CartItemApplication       : Starting CartItemApplication using Java 17.0.2 on DESKTOP-NDAAKLP with PID 7548 (C:\Users\nabil mou\Desktop\Spring-Projects\cartItem\target\classes started by nabil mou in C:\Users\nabil mou\Desktop\Spring-Projects\cartItem)
2022-06-04 18:43:33.348  INFO 7548 --- [restartedMain] Cart.Item.tuto.CartItemApplication       : No active profile set, falling back to 1 default profile: "default"
2022-06-04 18:43:33.825  INFO 7548 --- [restartedMain] .s.d.r.c.RepositoryConfigurationDelegate : Bootstrapping Spring Data JPA repositories in DEFAULT mode.
2022-06-04 18:43:33.849  INFO 7548 --- [restartedMain] .s.d.r.c.RepositoryConfigurationDelegate : Finished Spring Data repository scanning in 22 ms. Found 2 JPA repository interfaces.
2022-06-04 18:43:34.167  INFO 7548 --- [restartedMain] o.s.b.w.embedded.tomcat.TomcatWebServer  : Tomcat initialized with port(s): 8080 (http)
2022-06-04 18:43:34.172  INFO 7548 --- [restartedMain] o.apache.catalina.core.StandardService   : Starting service [Tomcat]
2022-06-04 18:43:34.172  INFO 7548 --- [restartedMain] org.apache.catalina.core.StandardEngine  : Starting Servlet engine: [Apache Tomcat/9.0.63]
2022-06-04 18:43:34.236  INFO 7548 --- [restartedMain] o.a.c.c.C.[Tomcat].[localhost].[/]       : Initializing Spring embedded WebApplicationContext
2022-06-04 18:43:34.237  INFO 7548 --- [restartedMain] w.s.c.ServletWebServerApplicationContext : Root WebApplicationContext: initialization completed in 878 ms
2022-06-04 18:43:34.316  INFO 7548 --- [restartedMain] com.zaxxer.hikari.HikariDataSource       : HikariPool-2 - Starting...
2022-06-04 18:43:34.325  INFO 7548 --- [restartedMain] com.zaxxer.hikari.HikariDataSource       : HikariPool-2 - Start completed.
2022-06-04 18:43:34.326  INFO 7548 --- [restartedMain] o.s.b.a.h2.H2ConsoleAutoConfiguration    : H2 console available at '/h2'. Database available at 'jdbc:h2:mem:memDb'
2022-06-04 18:43:34.411  INFO 7548 --- [restartedMain] o.hibernate.jpa.internal.util.LogHelper  : HHH000204: Processing PersistenceUnitInfo [name: default]
2022-06-04 18:43:34.426  INFO 7548 --- [restartedMain] org.hibernate.dialect.Dialect            : HHH000400: Using dialect: org.hibernate.dialect.H2Dialect
2022-06-04 18:43:34.527  INFO 7548 --- [restartedMain] o.h.e.t.j.p.i.JtaPlatformInitiator       : HHH000490: Using JtaPlatform implementation: [org.hibernate.engine.transaction.jta.platform.internal.NoJtaPlatform]
2022-06-04 18:43:34.528  INFO 7548 --- [restartedMain] j.LocalContainerEntityManagerFactoryBean : Initialized JPA EntityManagerFactory for persistence unit 'default'
2022-06-04 18:43:34.748  WARN 7548 --- [restartedMain] JpaBaseConfiguration$JpaWebConfiguration : spring.jpa.open-in-view is enabled by default. Therefore, database queries may be performed during view rendering. Explicitly configure spring.jpa.open-in-view to disable this warning
2022-06-04 18:43:35.029  INFO 7548 --- [restartedMain] o.s.b.d.a.OptionalLiveReloadServer       : LiveReload server is running on port 35729
2022-06-04 18:43:35.061  INFO 7548 --- [restartedMain] o.s.b.w.embedded.tomcat.TomcatWebServer  : Tomcat started on port(s): 8080 (http) with context path ''
2022-06-04 18:43:35.076  INFO 7548 --- [restartedMain] Cart.Item.tuto.CartItemApplication       : Started CartItemApplication in 1.899 seconds (JVM running for 2403.416)
2022-06-04 18:43:35.084  INFO 7548 --- [restartedMain] .ConditionEvaluationDeltaLoggingListener : Condition evaluation unchanged
2022-06-04 18:44:53.991  INFO 7548 --- [Thread-8] j.LocalContainerEntityManagerFactoryBean : Closing JPA EntityManagerFactory for persistence unit 'default'
2022-06-04 18:44:53.992  INFO 7548 --- [Thread-8] .SchemaDropperImpl$DelayedDropActionImpl : HHH000477: Starting delayed evictData of schema as part of SessionFactory shut-down'
2022-06-04 18:44:54.550  WARN 7548 --- [Thread-8] o.s.b.f.support.DisposableBeanAdapter    : Invocation of destroy method failed on bean with name 'inMemoryDatabaseShutdownExecutor': org.h2.jdbc.JdbcSQLNonTransientConnectionException: Database is already closed (to disable automatic closing at VM shutdown, add ";DB_CLOSE_ON_EXIT=FALSE" to the db URL) [90121-200]
2022-06-04 18:44:54.551  INFO 7548 --- [Thread-8] com.zaxxer.hikari.HikariDataSource       : HikariPool-2 - Shutdown initiated...
2022-06-04 18:44:55.378  INFO 7548 --- [Thread-8] com.zaxxer.hikari.HikariDataSource       : HikariPool-2 - Shutdown completed.
2022-06-04 18:44:56.006  INFO 7548 --- [restartedMain] Cart.Item.tuto.CartItemApplication       : Starting CartItemApplication using Java 17.0.2 on DESKTOP-NDAAKLP with PID 7548 (C:\Users\nabil mou\Desktop\Spring-Projects\cartItem\target\classes started by nabil mou in C:\Users\nabil mou\Desktop\Spring-Projects\cartItem)
2022-06-04 18:44:56.007  INFO 7548 --- [restartedMain] Cart.Item.tuto.CartItemApplication       : No active profile set, falling back to 1 default profile: "default"
2022-06-04 18:44:56.739  INFO 7548 --- [restartedMain] .s.d.r.c.RepositoryConfigurationDelegate : Bootstrapping Spring Data JPA repositories in DEFAULT mode.
2022-06-04 18:44:56.761  INFO 7548 --- [restartedMain] .s.d.r.c.RepositoryConfigurationDelegate : Finished Spring Data repository scanning in 20 ms. Found 2 JPA repository interfaces.
2022-06-04 18:44:56.899  INFO 7548 --- [restartedMain] o.s.b.w.embedded.tomcat.TomcatWebServer  : Tomcat initialized with port(s): 8080 (http)
2022-06-04 18:44:56.900  INFO 7548 --- [restartedMain] o.apache.catalina.core.StandardService   : Starting service [Tomcat]
2022-06-04 18:44:56.902  INFO 7548 --- [restartedMain] org.apache.catalina.core.StandardEngine  : Starting Servlet engine: [Apache Tomcat/9.0.63]
2022-06-04 18:44:56.939  INFO 7548 --- [restartedMain] o.a.c.c.C.[Tomcat].[localhost].[/]       : Initializing Spring embedded WebApplicationContext
2022-06-04 18:44:56.939  INFO 7548 --- [restartedMain] w.s.c.ServletWebServerApplicationContext : Root WebApplicationContext: initialization completed in 919 ms
2022-06-04 18:44:56.962  INFO 7548 --- [restartedMain] com.zaxxer.hikari.HikariDataSource       : HikariPool-3 - Starting...
2022-06-04 18:44:56.967  INFO 7548 --- [restartedMain] com.zaxxer.hikari.HikariDataSource       : HikariPool-3 - Start completed.
2022-06-04 18:44:56.967  INFO 7548 --- [restartedMain] o.s.b.a.h2.H2ConsoleAutoConfiguration    : H2 console available at '/h2'. Database available at 'jdbc:h2:mem:memDb'
2022-06-04 18:44:57.007  INFO 7548 --- [restartedMain] o.hibernate.jpa.internal.util.LogHelper  : HHH000204: Processing PersistenceUnitInfo [name: default]
2022-06-04 18:44:57.018  INFO 7548 --- [restartedMain] org.hibernate.dialect.Dialect            : HHH000400: Using dialect: org.hibernate.dialect.H2Dialect
2022-06-04 18:44:57.089  INFO 7548 --- [restartedMain] o.h.e.t.j.p.i.JtaPlatformInitiator       : HHH000490: Using JtaPlatform implementation: [org.hibernate.engine.transaction.jta.platform.internal.NoJtaPlatform]
2022-06-04 18:44:57.089  INFO 7548 --- [restartedMain] j.LocalContainerEntityManagerFactoryBean : Initialized JPA EntityManagerFactory for persistence unit 'default'
2022-06-04 18:44:57.230  WARN 7548 --- [restartedMain] JpaBaseConfiguration$JpaWebConfiguration : spring.jpa.open-in-view is enabled by default. Therefore, database queries may be performed during view rendering. Explicitly configure spring.jpa.open-in-view to disable this warning
2022-06-04 18:44:57.405  INFO 7548 --- [restartedMain] o.s.b.d.a.OptionalLiveReloadServer       : LiveReload server is running on port 35729
2022-06-04 18:44:57.427  INFO 7548 --- [restartedMain] o.s.b.w.embedded.tomcat.TomcatWebServer  : Tomcat started on port(s): 8080 (http) with context path ''
2022-06-04 18:44:57.440  INFO 7548 --- [restartedMain] Cart.Item.tuto.CartItemApplication       : Started CartItemApplication in 1.686 seconds (JVM running for 2485.78)
2022-06-04 18:44:57.456  INFO 7548 --- [restartedMain] .ConditionEvaluationDeltaLoggingListener : Condition evaluation unchanged
2022-06-04 18:44:58.925  INFO 7548 --- [Thread-12] j.LocalContainerEntityManagerFactoryBean : Closing JPA EntityManagerFactory for persistence unit 'default'
2022-06-04 18:44:58.926  INFO 7548 --- [Thread-12] .SchemaDropperImpl$DelayedDropActionImpl : HHH000477: Starting delayed evictData of schema as part of SessionFactory shut-down'
2022-06-04 18:44:59.137  WARN 7548 --- [Thread-12] o.s.b.f.support.DisposableBeanAdapter    : Invocation of destroy method failed on bean with name 'inMemoryDatabaseShutdownExecutor': org.h2.jdbc.JdbcSQLNonTransientConnectionException: Database is already closed (to disable automatic closing at VM shutdown, add ";DB_CLOSE_ON_EXIT=FALSE" to the db URL) [90121-200]
2022-06-04 18:44:59.140  INFO 7548 --- [Thread-12] com.zaxxer.hikari.HikariDataSource       : HikariPool-3 - Shutdown initiated...
2022-06-04 18:44:59.142  INFO 7548 --- [Thread-12] com.zaxxer.hikari.HikariDataSource       : HikariPool-3 - Shutdown completed.
2022-06-04 18:44:59.302  INFO 7548 --- [restartedMain] Cart.Item.tuto.CartItemApplication       : Starting CartItemApplication using Java 17.0.2 on DESKTOP-NDAAKLP with PID 7548 (C:\Users\nabil mou\Desktop\Spring-Projects\cartItem\target\classes started by nabil mou in C:\Users\nabil mou\Desktop\Spring-Projects\cartItem)
2022-06-04 18:44:59.303  INFO 7548 --- [restartedMain] Cart.Item.tuto.CartItemApplication       : No active profile set, falling back to 1 default profile: "default"
2022-06-04 18:44:59.658  INFO 7548 --- [restartedMain] .s.d.r.c.RepositoryConfigurationDelegate : Bootstrapping Spring Data JPA repositories in DEFAULT mode.
2022-06-04 18:44:59.680  INFO 7548 --- [restartedMain] .s.d.r.c.RepositoryConfigurationDelegate : Finished Spring Data repository scanning in 21 ms. Found 2 JPA repository interfaces.
2022-06-04 18:44:59.811  INFO 7548 --- [restartedMain] o.s.b.w.embedded.tomcat.TomcatWebServer  : Tomcat initialized with port(s): 8080 (http)
2022-06-04 18:44:59.812  INFO 7548 --- [restartedMain] o.apache.catalina.core.StandardService   : Starting service [Tomcat]
2022-06-04 18:44:59.812  INFO 7548 --- [restartedMain] org.apache.catalina.core.StandardEngine  : Starting Servlet engine: [Apache Tomcat/9.0.63]
2022-06-04 18:44:59.848  INFO 7548 --- [restartedMain] o.a.c.c.C.[Tomcat].[localhost].[/]       : Initializing Spring embedded WebApplicationContext
2022-06-04 18:44:59.848  INFO 7548 --- [restartedMain] w.s.c.ServletWebServerApplicationContext : Root WebApplicationContext: initialization completed in 539 ms
2022-06-04 18:44:59.869  INFO 7548 --- [restartedMain] com.zaxxer.hikari.HikariDataSource       : HikariPool-4 - Starting...
2022-06-04 18:44:59.873  INFO 7548 --- [restartedMain] com.zaxxer.hikari.HikariDataSource       : HikariPool-4 - Start completed.
2022-06-04 18:44:59.873  INFO 7548 --- [restartedMain] o.s.b.a.h2.H2ConsoleAutoConfiguration    : H2 console available at '/h2'. Database available at 'jdbc:h2:mem:memDb'
2022-06-04 18:44:59.909  INFO 7548 --- [restartedMain] o.hibernate.jpa.internal.util.LogHelper  : HHH000204: Processing PersistenceUnitInfo [name: default]
2022-06-04 18:44:59.921  INFO 7548 --- [restartedMain] org.hibernate.dialect.Dialect            : HHH000400: Using dialect: org.hibernate.dialect.H2Dialect
2022-06-04 18:44:59.989  INFO 7548 --- [restartedMain] o.h.e.t.j.p.i.JtaPlatformInitiator       : HHH000490: Using JtaPlatform implementation: [org.hibernate.engine.transaction.jta.platform.internal.NoJtaPlatform]
2022-06-04 18:44:59.990  INFO 7548 --- [restartedMain] j.LocalContainerEntityManagerFactoryBean : Initialized JPA EntityManagerFactory for persistence unit 'default'
2022-06-04 18:45:00.124  WARN 7548 --- [restartedMain] JpaBaseConfiguration$JpaWebConfiguration : spring.jpa.open-in-view is enabled by default. Therefore, database queries may be performed during view rendering. Explicitly configure spring.jpa.open-in-view to disable this warning
2022-06-04 18:45:00.274  INFO 7548 --- [restartedMain] o.s.b.d.a.OptionalLiveReloadServer       : LiveReload server is running on port 35729
2022-06-04 18:45:00.295  INFO 7548 --- [restartedMain] o.s.b.w.embedded.tomcat.TomcatWebServer  : Tomcat started on port(s): 8080 (http) with context path ''
2022-06-04 18:45:00.313  INFO 7548 --- [restartedMain] Cart.Item.tuto.CartItemApplication       : Started CartItemApplication in 1.065 seconds (JVM running for 2488.653)
2022-06-04 18:45:00.316  INFO 7548 --- [restartedMain] .ConditionEvaluationDeltaLoggingListener : Condition evaluation unchanged
2022-06-04 18:45:05.633  INFO 7548 --- [Thread-16] j.LocalContainerEntityManagerFactoryBean : Closing JPA EntityManagerFactory for persistence unit 'default'
2022-06-04 18:45:05.636  INFO 7548 --- [Thread-16] .SchemaDropperImpl$DelayedDropActionImpl : HHH000477: Starting delayed evictData of schema as part of SessionFactory shut-down'
2022-06-04 18:45:05.940  WARN 7548 --- [Thread-16] o.s.b.f.support.DisposableBeanAdapter    : Invocation of destroy method failed on bean with name 'inMemoryDatabaseShutdownExecutor': org.h2.jdbc.JdbcSQLNonTransientConnectionException: Database is already closed (to disable automatic closing at VM shutdown, add ";DB_CLOSE_ON_EXIT=FALSE" to the db URL) [90121-200]
2022-06-04 18:45:05.942  INFO 7548 --- [Thread-16] com.zaxxer.hikari.HikariDataSource       : HikariPool-4 - Shutdown initiated...
2022-06-04 18:45:06.044  INFO 7548 --- [Thread-16] com.zaxxer.hikari.HikariDataSource       : HikariPool-4 - Shutdown completed.
2022-06-04 18:45:06.874  INFO 7548 --- [restartedMain] Cart.Item.tuto.CartItemApplication       : Starting CartItemApplication using Java 17.0.2 on DESKTOP-NDAAKLP with PID 7548 (C:\Users\nabil mou\Desktop\Spring-Projects\cartItem\target\classes started by nabil mou in C:\Users\nabil mou\Desktop\Spring-Projects\cartItem)
2022-06-04 18:45:06.875  INFO 7548 --- [restartedMain] Cart.Item.tuto.CartItemApplication       : No active profile set, falling back to 1 default profile: "default"
2022-06-04 18:45:07.756  INFO 7548 --- [restartedMain] .s.d.r.c.RepositoryConfigurationDelegate : Bootstrapping Spring Data JPA repositories in DEFAULT mode.
2022-06-04 18:45:07.778  INFO 7548 --- [restartedMain] .s.d.r.c.RepositoryConfigurationDelegate : Finished Spring Data repository scanning in 21 ms. Found 2 JPA repository interfaces.
2022-06-04 18:45:07.907  INFO 7548 --- [restartedMain] o.s.b.w.embedded.tomcat.TomcatWebServer  : Tomcat initialized with port(s): 8080 (http)
2022-06-04 18:45:07.908  INFO 7548 --- [restartedMain] o.apache.catalina.core.StandardService   : Starting service [Tomcat]
2022-06-04 18:45:07.908  INFO 7548 --- [restartedMain] org.apache.catalina.core.StandardEngine  : Starting Servlet engine: [Apache Tomcat/9.0.63]
2022-06-04 18:45:07.945  INFO 7548 --- [restartedMain] o.a.c.c.C.[Tomcat].[localhost].[/]       : Initializing Spring embedded WebApplicationContext
2022-06-04 18:45:07.946  INFO 7548 --- [restartedMain] w.s.c.ServletWebServerApplicationContext : Root WebApplicationContext: initialization completed in 1038 ms
2022-06-04 18:45:07.968  INFO 7548 --- [restartedMain] com.zaxxer.hikari.HikariDataSource       : HikariPool-5 - Starting...
2022-06-04 18:45:07.972  INFO 7548 --- [restartedMain] com.zaxxer.hikari.HikariDataSource       : HikariPool-5 - Start completed.
2022-06-04 18:45:07.972  INFO 7548 --- [restartedMain] o.s.b.a.h2.H2ConsoleAutoConfiguration    : H2 console available at '/h2'. Database available at 'jdbc:h2:mem:memDb'
2022-06-04 18:45:08.009  INFO 7548 --- [restartedMain] o.hibernate.jpa.internal.util.LogHelper  : HHH000204: Processing PersistenceUnitInfo [name: default]
2022-06-04 18:45:08.033  INFO 7548 --- [restartedMain] org.hibernate.dialect.Dialect            : HHH000400: Using dialect: org.hibernate.dialect.H2Dialect
2022-06-04 18:45:08.120  INFO 7548 --- [restartedMain] o.h.e.t.j.p.i.JtaPlatformInitiator       : HHH000490: Using JtaPlatform implementation: [org.hibernate.engine.transaction.jta.platform.internal.NoJtaPlatform]
2022-06-04 18:45:08.120  INFO 7548 --- [restartedMain] j.LocalContainerEntityManagerFactoryBean : Initialized JPA EntityManagerFactory for persistence unit 'default'
2022-06-04 18:45:08.245  WARN 7548 --- [restartedMain] JpaBaseConfiguration$JpaWebConfiguration : spring.jpa.open-in-view is enabled by default. Therefore, database queries may be performed during view rendering. Explicitly configure spring.jpa.open-in-view to disable this warning
2022-06-04 18:45:08.392  INFO 7548 --- [restartedMain] o.s.b.d.a.OptionalLiveReloadServer       : LiveReload server is running on port 35729
2022-06-04 18:45:08.411  INFO 7548 --- [restartedMain] o.s.b.w.embedded.tomcat.TomcatWebServer  : Tomcat started on port(s): 8080 (http) with context path ''
2022-06-04 18:45:08.426  INFO 7548 --- [restartedMain] Cart.Item.tuto.CartItemApplication       : Started CartItemApplication in 1.93 seconds (JVM running for 2496.766)
2022-06-04 18:45:08.428  INFO 7548 --- [restartedMain] .ConditionEvaluationDeltaLoggingListener : Condition evaluation unchanged
2022-06-04 18:46:59.375  INFO 7548 --- [RMI TCP Connection(58)-127.0.0.1] inMXBeanRegistrar$SpringApplicationAdmin : Application shutdown requested.
2022-06-04 18:46:59.424  INFO 7548 --- [RMI TCP Connection(58)-127.0.0.1] j.LocalContainerEntityManagerFactoryBean : Closing JPA EntityManagerFactory for persistence unit 'default'
2022-06-04 18:46:59.424  INFO 7548 --- [RMI TCP Connection(58)-127.0.0.1] .SchemaDropperImpl$DelayedDropActionImpl : HHH000477: Starting delayed evictData of schema as part of SessionFactory shut-down'
2022-06-04 18:46:59.637  WARN 7548 --- [RMI TCP Connection(58)-127.0.0.1] o.s.b.f.support.DisposableBeanAdapter    : Invocation of destroy method failed on bean with name 'inMemoryDatabaseShutdownExecutor': org.h2.jdbc.JdbcSQLNonTransientConnectionException: Database is already closed (to disable automatic closing at VM shutdown, add ";DB_CLOSE_ON_EXIT=FALSE" to the db URL) [90121-200]
2022-06-04 18:46:59.638  INFO 7548 --- [RMI TCP Connection(58)-127.0.0.1] com.zaxxer.hikari.HikariDataSource       : HikariPool-5 - Shutdown initiated...
2022-06-04 18:46:59.640  INFO 7548 --- [RMI TCP Connection(58)-127.0.0.1] com.zaxxer.hikari.HikariDataSource       : HikariPool-5 - Shutdown completed.
2022-06-04 18:53:14.917  INFO 7668 --- [restartedMain] Cart.Item.tuto.CartItemApplication       : Starting CartItemApplication using Java 17.0.2 on DESKTOP-NDAAKLP with PID 7668 (C:\Users\nabil mou\Desktop\Spring-Projects\cartItem\target\classes started by nabil mou in C:\Users\nabil mou\Desktop\Spring-Projects\cartItem)
2022-06-04 18:53:14.920  INFO 7668 --- [restartedMain] Cart.Item.tuto.CartItemApplication       : No active profile set, falling back to 1 default profile: "default"
2022-06-04 18:53:15.041  INFO 7668 --- [restartedMain] .e.DevToolsPropertyDefaultsPostProcessor : Devtools property defaults active! Set 'spring.devtools.add-properties' to 'false' to disable
2022-06-04 18:53:15.042  INFO 7668 --- [restartedMain] .e.DevToolsPropertyDefaultsPostProcessor : For additional web related logging consider setting the 'logging.level.web' property to 'DEBUG'
2022-06-04 18:53:17.099  INFO 7668 --- [restartedMain] .s.d.r.c.RepositoryConfigurationDelegate : Bootstrapping Spring Data JPA repositories in DEFAULT mode.
2022-06-04 18:53:17.201  INFO 7668 --- [restartedMain] .s.d.r.c.RepositoryConfigurationDelegate : Finished Spring Data repository scanning in 82 ms. Found 2 JPA repository interfaces.
2022-06-04 18:53:18.599  INFO 7668 --- [restartedMain] o.s.b.w.embedded.tomcat.TomcatWebServer  : Tomcat initialized with port(s): 8080 (http)
2022-06-04 18:53:18.616  INFO 7668 --- [restartedMain] o.apache.catalina.core.StandardService   : Starting service [Tomcat]
2022-06-04 18:53:18.617  INFO 7668 --- [restartedMain] org.apache.catalina.core.StandardEngine  : Starting Servlet engine: [Apache Tomcat/9.0.63]
2022-06-04 18:53:18.877  INFO 7668 --- [restartedMain] o.a.c.c.C.[Tomcat].[localhost].[/]       : Initializing Spring embedded WebApplicationContext
2022-06-04 18:53:18.878  INFO 7668 --- [restartedMain] w.s.c.ServletWebServerApplicationContext : Root WebApplicationContext: initialization completed in 3835 ms
2022-06-04 18:53:18.944  INFO 7668 --- [restartedMain] com.zaxxer.hikari.HikariDataSource       : HikariPool-1 - Starting...
2022-06-04 18:53:19.317  INFO 7668 --- [restartedMain] com.zaxxer.hikari.HikariDataSource       : HikariPool-1 - Start completed.
2022-06-04 18:53:19.344  INFO 7668 --- [restartedMain] o.s.b.a.h2.H2ConsoleAutoConfiguration    : H2 console available at '/h2'. Database available at 'jdbc:h2:mem:memDb'
2022-06-04 18:53:19.680  INFO 7668 --- [restartedMain] o.hibernate.jpa.internal.util.LogHelper  : HHH000204: Processing PersistenceUnitInfo [name: default]
2022-06-04 18:53:19.812  INFO 7668 --- [restartedMain] org.hibernate.Version                    : HHH000412: Hibernate ORM core version 5.6.9.Final
2022-06-04 18:53:20.157  INFO 7668 --- [restartedMain] o.hibernate.annotations.common.Version   : HCANN000001: Hibernate Commons Annotations {5.1.2.Final}
2022-06-04 18:53:20.417  INFO 7668 --- [restartedMain] org.hibernate.dialect.Dialect            : HHH000400: Using dialect: org.hibernate.dialect.H2Dialect
2022-06-04 18:53:21.861  INFO 7668 --- [restartedMain] o.h.e.t.j.p.i.JtaPlatformInitiator       : HHH000490: Using JtaPlatform implementation: [org.hibernate.engine.transaction.jta.platform.internal.NoJtaPlatform]
2022-06-04 18:53:21.879  INFO 7668 --- [restartedMain] j.LocalContainerEntityManagerFactoryBean : Initialized JPA EntityManagerFactory for persistence unit 'default'
2022-06-04 18:53:22.837  WARN 7668 --- [restartedMain] JpaBaseConfiguration$JpaWebConfiguration : spring.jpa.open-in-view is enabled by default. Therefore, database queries may be performed during view rendering. Explicitly configure spring.jpa.open-in-view to disable this warning
2022-06-04 18:53:23.359  INFO 7668 --- [restartedMain] o.s.b.d.a.OptionalLiveReloadServer       : LiveReload server is running on port 35729
2022-06-04 18:53:23.730  INFO 7668 --- [restartedMain] o.s.b.w.embedded.tomcat.TomcatWebServer  : Tomcat started on port(s): 8080 (http) with context path ''
2022-06-04 18:53:23.739  WARN 7668 --- [restartedMain] ConfigServletWebServerApplicationContext : Exception encountered during context initialization - cancelling refresh attempt: org.springframework.context.ApplicationContextException: Failed to start bean 'documentationPluginsBootstrapper'; nested exception is java.lang.NullPointerException: Cannot invoke "org.springframework.web.servlet.mvc.condition.PatternsRequestCondition.getPatterns()" because "this.condition" is null
2022-06-04 18:53:23.748  INFO 7668 --- [restartedMain] j.LocalContainerEntityManagerFactoryBean : Closing JPA EntityManagerFactory for persistence unit 'default'
2022-06-04 18:53:23.749  INFO 7668 --- [restartedMain] .SchemaDropperImpl$DelayedDropActionImpl : HHH000477: Starting delayed evictData of schema as part of SessionFactory shut-down'
2022-06-04 18:53:23.997  WARN 7668 --- [restartedMain] o.s.b.f.support.DisposableBeanAdapter    : Invocation of destroy method failed on bean with name 'inMemoryDatabaseShutdownExecutor': org.h2.jdbc.JdbcSQLNonTransientConnectionException: Database is already closed (to disable automatic closing at VM shutdown, add ";DB_CLOSE_ON_EXIT=FALSE" to the db URL) [90121-200]
2022-06-04 18:53:24.000  INFO 7668 --- [restartedMain] com.zaxxer.hikari.HikariDataSource       : HikariPool-1 - Shutdown initiated...
2022-06-04 18:53:24.011  INFO 7668 --- [restartedMain] com.zaxxer.hikari.HikariDataSource       : HikariPool-1 - Shutdown completed.
2022-06-04 18:53:24.066  INFO 7668 --- [restartedMain] o.apache.catalina.core.StandardService   : Stopping service [Tomcat]
2022-06-04 18:53:24.122  INFO 7668 --- [restartedMain] ConditionEvaluationReportLoggingListener : 

Error starting ApplicationContext. To display the conditions report re-run your application with 'debug' enabled.
2022-06-04 18:53:24.199 ERROR 7668 --- [restartedMain] o.s.boot.SpringApplication               : Application run failed

org.springframework.context.ApplicationContextException: Failed to start bean 'documentationPluginsBootstrapper'; nested exception is java.lang.NullPointerException: Cannot invoke "org.springframework.web.servlet.mvc.condition.PatternsRequestCondition.getPatterns()" because "this.condition" is null
	at org.springframework.context.support.DefaultLifecycleProcessor.doStart(DefaultLifecycleProcessor.java:181) ~[spring-context-5.3.20.jar:5.3.20]
	at org.springframework.context.support.DefaultLifecycleProcessor.access$200(DefaultLifecycleProcessor.java:54) ~[spring-context-5.3.20.jar:5.3.20]
	at org.springframework.context.support.DefaultLifecycleProcessor$LifecycleGroup.start(DefaultLifecycleProcessor.java:356) ~[spring-context-5.3.20.jar:5.3.20]
	at java.base/java.lang.Iterable.forEach(Iterable.java:75) ~[na:na]
	at org.springframework.context.support.DefaultLifecycleProcessor.startBeans(DefaultLifecycleProcessor.java:155) ~[spring-context-5.3.20.jar:5.3.20]
	at org.springframework.context.support.DefaultLifecycleProcessor.onRefresh(DefaultLifecycleProcessor.java:123) ~[spring-context-5.3.20.jar:5.3.20]
	at org.springframework.context.support.AbstractApplicationContext.finishRefresh(AbstractApplicationContext.java:935) ~[spring-context-5.3.20.jar:5.3.20]
	at org.springframework.context.support.AbstractApplicationContext.refresh(AbstractApplicationContext.java:586) ~[spring-context-5.3.20.jar:5.3.20]
	at org.springframework.boot.web.servlet.context.ServletWebServerApplicationContext.refresh(ServletWebServerApplicationContext.java:145) ~[spring-boot-2.6.8.jar:2.6.8]
	at org.springframework.boot.SpringApplication.refresh(SpringApplication.java:745) ~[spring-boot-2.6.8.jar:2.6.8]
	at org.springframework.boot.SpringApplication.refreshContext(SpringApplication.java:420) ~[spring-boot-2.6.8.jar:2.6.8]
	at org.springframework.boot.SpringApplication.run(SpringApplication.java:307) ~[spring-boot-2.6.8.jar:2.6.8]
	at org.springframework.boot.SpringApplication.run(SpringApplication.java:1317) ~[spring-boot-2.6.8.jar:2.6.8]
	at org.springframework.boot.SpringApplication.run(SpringApplication.java:1306) ~[spring-boot-2.6.8.jar:2.6.8]
	at Cart.Item.tuto.CartItemApplication.main(CartItemApplication.java:13) ~[classes/:na]
	at java.base/jdk.internal.reflect.NativeMethodAccessorImpl.invoke0(Native Method) ~[na:na]
	at java.base/jdk.internal.reflect.NativeMethodAccessorImpl.invoke(NativeMethodAccessorImpl.java:77) ~[na:na]
	at java.base/jdk.internal.reflect.DelegatingMethodAccessorImpl.invoke(DelegatingMethodAccessorImpl.java:43) ~[na:na]
	at java.base/java.lang.reflect.Method.invoke(Method.java:568) ~[na:na]
	at org.springframework.boot.devtools.restart.RestartLauncher.run(RestartLauncher.java:49) ~[spring-boot-devtools-2.6.8.jar:2.6.8]
Caused by: java.lang.NullPointerException: Cannot invoke "org.springframework.web.servlet.mvc.condition.PatternsRequestCondition.getPatterns()" because "this.condition" is null
	at springfox.documentation.spring.web.WebMvcPatternsRequestConditionWrapper.getPatterns(WebMvcPatternsRequestConditionWrapper.java:56) ~[springfox-spring-webmvc-3.0.0.jar:3.0.0]
	at springfox.documentation.RequestHandler.sortedPaths(RequestHandler.java:113) ~[springfox-core-3.0.0.jar:3.0.0]
	at springfox.documentation.spi.service.contexts.Orderings.lambda$byPatternsCondition$3(Orderings.java:89) ~[springfox-spi-3.0.0.jar:3.0.0]
	at java.base/java.util.Comparator.lambda$comparing$77a9974f$1(Comparator.java:473) ~[na:na]
	at java.base/java.util.TimSort.countRunAndMakeAscending(TimSort.java:355) ~[na:na]
	at java.base/java.util.TimSort.sort(TimSort.java:220) ~[na:na]
	at java.base/java.util.Arrays.sort(Arrays.java:1307) ~[na:na]
	at java.base/java.util.ArrayList.sort(ArrayList.java:1721) ~[na:na]
	at java.base/java.util.stream.SortedOps$RefSortingSink.end(SortedOps.java:392) ~[na:na]
	at java.base/java.util.stream.Sink$ChainedReference.end(Sink.java:258) ~[na:na]
	at java.base/java.util.stream.Sink$ChainedReference.end(Sink.java:258) ~[na:na]
	at java.base/java.util.stream.Sink$ChainedReference.end(Sink.java:258) ~[na:na]
	at java.base/java.util.stream.Sink$ChainedReference.end(Sink.java:258) ~[na:na]
	at java.base/java.util.stream.AbstractPipeline.copyInto(AbstractPipeline.java:510) ~[na:na]
	at java.base/java.util.stream.AbstractPipeline.wrapAndCopyInto(AbstractPipeline.java:499) ~[na:na]
	at java.base/java.util.stream.ReduceOps$ReduceOp.evaluateSequential(ReduceOps.java:921) ~[na:na]
	at java.base/java.util.stream.AbstractPipeline.evaluate(AbstractPipeline.java:234) ~[na:na]
	at java.base/java.util.stream.ReferencePipeline.collect(ReferencePipeline.java:682) ~[na:na]
	at springfox.documentation.spring.web.plugins.WebMvcRequestHandlerProvider.requestHandlers(WebMvcRequestHandlerProvider.java:81) ~[springfox-spring-webmvc-3.0.0.jar:3.0.0]
	at java.base/java.util.stream.ReferencePipeline$3$1.accept(ReferencePipeline.java:197) ~[na:na]
	at java.base/java.util.ArrayList$ArrayListSpliterator.forEachRemaining(ArrayList.java:1625) ~[na:na]
	at java.base/java.util.stream.AbstractPipeline.copyInto(AbstractPipeline.java:509) ~[na:na]
	at java.base/java.util.stream.AbstractPipeline.wrapAndCopyInto(AbstractPipeline.java:499) ~[na:na]
	at java.base/java.util.stream.ReduceOps$ReduceOp.evaluateSequential(ReduceOps.java:921) ~[na:na]
	at java.base/java.util.stream.AbstractPipeline.evaluate(AbstractPipeline.java:234) ~[na:na]
	at java.base/java.util.stream.ReferencePipeline.collect(ReferencePipeline.java:682) ~[na:na]
	at springfox.documentation.spring.web.plugins.AbstractDocumentationPluginsBootstrapper.withDefaults(AbstractDocumentationPluginsBootstrapper.java:107) ~[springfox-spring-web-3.0.0.jar:3.0.0]
	at springfox.documentation.spring.web.plugins.AbstractDocumentationPluginsBootstrapper.buildContext(AbstractDocumentationPluginsBootstrapper.java:91) ~[springfox-spring-web-3.0.0.jar:3.0.0]
	at springfox.documentation.spring.web.plugins.AbstractDocumentationPluginsBootstrapper.bootstrapDocumentationPlugins(AbstractDocumentationPluginsBootstrapper.java:82) ~[springfox-spring-web-3.0.0.jar:3.0.0]
	at springfox.documentation.spring.web.plugins.DocumentationPluginsBootstrapper.start(DocumentationPluginsBootstrapper.java:100) ~[springfox-spring-web-3.0.0.jar:3.0.0]
	at org.springframework.context.support.DefaultLifecycleProcessor.doStart(DefaultLifecycleProcessor.java:178) ~[spring-context-5.3.20.jar:5.3.20]
	... 19 common frames omitted

2022-06-04 18:53:43.737  INFO 11772 --- [restartedMain] Cart.Item.tuto.CartItemApplication       : Starting CartItemApplication using Java 17.0.2 on DESKTOP-NDAAKLP with PID 11772 (C:\Users\nabil mou\Desktop\Spring-Projects\cartItem\target\classes started by nabil mou in C:\Users\nabil mou\Desktop\Spring-Projects\cartItem)
2022-06-04 18:53:43.742  INFO 11772 --- [restartedMain] Cart.Item.tuto.CartItemApplication       : No active profile set, falling back to 1 default profile: "default"
2022-06-04 18:53:43.868  INFO 11772 --- [restartedMain] .e.DevToolsPropertyDefaultsPostProcessor : Devtools property defaults active! Set 'spring.devtools.add-properties' to 'false' to disable
2022-06-04 18:53:43.869  INFO 11772 --- [restartedMain] .e.DevToolsPropertyDefaultsPostProcessor : For additional web related logging consider setting the 'logging.level.web' property to 'DEBUG'
2022-06-04 18:53:45.766  INFO 11772 --- [restartedMain] .s.d.r.c.RepositoryConfigurationDelegate : Bootstrapping Spring Data JPA repositories in DEFAULT mode.
2022-06-04 18:53:45.871  INFO 11772 --- [restartedMain] .s.d.r.c.RepositoryConfigurationDelegate : Finished Spring Data repository scanning in 84 ms. Found 2 JPA repository interfaces.
2022-06-04 18:53:47.108  INFO 11772 --- [restartedMain] o.s.b.w.embedded.tomcat.TomcatWebServer  : Tomcat initialized with port(s): 8080 (http)
2022-06-04 18:53:47.126  INFO 11772 --- [restartedMain] o.apache.catalina.core.StandardService   : Starting service [Tomcat]
2022-06-04 18:53:47.127  INFO 11772 --- [restartedMain] org.apache.catalina.core.StandardEngine  : Starting Servlet engine: [Apache Tomcat/9.0.63]
2022-06-04 18:53:47.330  INFO 11772 --- [restartedMain] o.a.c.c.C.[Tomcat].[localhost].[/]       : Initializing Spring embedded WebApplicationContext
2022-06-04 18:53:47.331  INFO 11772 --- [restartedMain] w.s.c.ServletWebServerApplicationContext : Root WebApplicationContext: initialization completed in 3460 ms
2022-06-04 18:53:47.401  INFO 11772 --- [restartedMain] com.zaxxer.hikari.HikariDataSource       : HikariPool-1 - Starting...
2022-06-04 18:53:47.759  INFO 11772 --- [restartedMain] com.zaxxer.hikari.HikariDataSource       : HikariPool-1 - Start completed.
2022-06-04 18:53:47.783  INFO 11772 --- [restartedMain] o.s.b.a.h2.H2ConsoleAutoConfiguration    : H2 console available at '/h2'. Database available at 'jdbc:h2:mem:memDb'
2022-06-04 18:53:48.113  INFO 11772 --- [restartedMain] o.hibernate.jpa.internal.util.LogHelper  : HHH000204: Processing PersistenceUnitInfo [name: default]
2022-06-04 18:53:48.236  INFO 11772 --- [restartedMain] org.hibernate.Version                    : HHH000412: Hibernate ORM core version 5.6.9.Final
2022-06-04 18:53:48.645  INFO 11772 --- [restartedMain] o.hibernate.annotations.common.Version   : HCANN000001: Hibernate Commons Annotations {5.1.2.Final}
2022-06-04 18:53:48.885  INFO 11772 --- [restartedMain] org.hibernate.dialect.Dialect            : HHH000400: Using dialect: org.hibernate.dialect.H2Dialect
2022-06-04 18:53:50.266  INFO 11772 --- [restartedMain] o.h.e.t.j.p.i.JtaPlatformInitiator       : HHH000490: Using JtaPlatform implementation: [org.hibernate.engine.transaction.jta.platform.internal.NoJtaPlatform]
2022-06-04 18:53:50.283  INFO 11772 --- [restartedMain] j.LocalContainerEntityManagerFactoryBean : Initialized JPA EntityManagerFactory for persistence unit 'default'
2022-06-04 18:53:51.283  WARN 11772 --- [restartedMain] JpaBaseConfiguration$JpaWebConfiguration : spring.jpa.open-in-view is enabled by default. Therefore, database queries may be performed during view rendering. Explicitly configure spring.jpa.open-in-view to disable this warning
2022-06-04 18:53:51.845  INFO 11772 --- [restartedMain] o.s.b.d.a.OptionalLiveReloadServer       : LiveReload server is running on port 35729
2022-06-04 18:53:52.225  INFO 11772 --- [restartedMain] o.s.b.w.embedded.tomcat.TomcatWebServer  : Tomcat started on port(s): 8080 (http) with context path ''
2022-06-04 18:53:52.234  WARN 11772 --- [restartedMain] ConfigServletWebServerApplicationContext : Exception encountered during context initialization - cancelling refresh attempt: org.springframework.context.ApplicationContextException: Failed to start bean 'documentationPluginsBootstrapper'; nested exception is java.lang.NullPointerException: Cannot invoke "org.springframework.web.servlet.mvc.condition.PatternsRequestCondition.getPatterns()" because "this.condition" is null
2022-06-04 18:53:52.243  INFO 11772 --- [restartedMain] j.LocalContainerEntityManagerFactoryBean : Closing JPA EntityManagerFactory for persistence unit 'default'
2022-06-04 18:53:52.244  INFO 11772 --- [restartedMain] .SchemaDropperImpl$DelayedDropActionImpl : HHH000477: Starting delayed evictData of schema as part of SessionFactory shut-down'
2022-06-04 18:53:52.482  WARN 11772 --- [restartedMain] o.s.b.f.support.DisposableBeanAdapter    : Invocation of destroy method failed on bean with name 'inMemoryDatabaseShutdownExecutor': org.h2.jdbc.JdbcSQLNonTransientConnectionException: Database is already closed (to disable automatic closing at VM shutdown, add ";DB_CLOSE_ON_EXIT=FALSE" to the db URL) [90121-200]
2022-06-04 18:53:52.484  INFO 11772 --- [restartedMain] com.zaxxer.hikari.HikariDataSource       : HikariPool-1 - Shutdown initiated...
2022-06-04 18:53:52.489  INFO 11772 --- [restartedMain] com.zaxxer.hikari.HikariDataSource       : HikariPool-1 - Shutdown completed.
2022-06-04 18:53:52.519  INFO 11772 --- [restartedMain] o.apache.catalina.core.StandardService   : Stopping service [Tomcat]
2022-06-04 18:53:52.547  INFO 11772 --- [restartedMain] ConditionEvaluationReportLoggingListener : 

Error starting ApplicationContext. To display the conditions report re-run your application with 'debug' enabled.
2022-06-04 18:53:52.606 ERROR 11772 --- [restartedMain] o.s.boot.SpringApplication               : Application run failed

org.springframework.context.ApplicationContextException: Failed to start bean 'documentationPluginsBootstrapper'; nested exception is java.lang.NullPointerException: Cannot invoke "org.springframework.web.servlet.mvc.condition.PatternsRequestCondition.getPatterns()" because "this.condition" is null
	at org.springframework.context.support.DefaultLifecycleProcessor.doStart(DefaultLifecycleProcessor.java:181) ~[spring-context-5.3.20.jar:5.3.20]
	at org.springframework.context.support.DefaultLifecycleProcessor.access$200(DefaultLifecycleProcessor.java:54) ~[spring-context-5.3.20.jar:5.3.20]
	at org.springframework.context.support.DefaultLifecycleProcessor$LifecycleGroup.start(DefaultLifecycleProcessor.java:356) ~[spring-context-5.3.20.jar:5.3.20]
	at java.base/java.lang.Iterable.forEach(Iterable.java:75) ~[na:na]
	at org.springframework.context.support.DefaultLifecycleProcessor.startBeans(DefaultLifecycleProcessor.java:155) ~[spring-context-5.3.20.jar:5.3.20]
	at org.springframework.context.support.DefaultLifecycleProcessor.onRefresh(DefaultLifecycleProcessor.java:123) ~[spring-context-5.3.20.jar:5.3.20]
	at org.springframework.context.support.AbstractApplicationContext.finishRefresh(AbstractApplicationContext.java:935) ~[spring-context-5.3.20.jar:5.3.20]
	at org.springframework.context.support.AbstractApplicationContext.refresh(AbstractApplicationContext.java:586) ~[spring-context-5.3.20.jar:5.3.20]
	at org.springframework.boot.web.servlet.context.ServletWebServerApplicationContext.refresh(ServletWebServerApplicationContext.java:145) ~[spring-boot-2.6.8.jar:2.6.8]
	at org.springframework.boot.SpringApplication.refresh(SpringApplication.java:745) ~[spring-boot-2.6.8.jar:2.6.8]
	at org.springframework.boot.SpringApplication.refreshContext(SpringApplication.java:420) ~[spring-boot-2.6.8.jar:2.6.8]
	at org.springframework.boot.SpringApplication.run(SpringApplication.java:307) ~[spring-boot-2.6.8.jar:2.6.8]
	at org.springframework.boot.SpringApplication.run(SpringApplication.java:1317) ~[spring-boot-2.6.8.jar:2.6.8]
	at org.springframework.boot.SpringApplication.run(SpringApplication.java:1306) ~[spring-boot-2.6.8.jar:2.6.8]
	at Cart.Item.tuto.CartItemApplication.main(CartItemApplication.java:13) ~[classes/:na]
	at java.base/jdk.internal.reflect.NativeMethodAccessorImpl.invoke0(Native Method) ~[na:na]
	at java.base/jdk.internal.reflect.NativeMethodAccessorImpl.invoke(NativeMethodAccessorImpl.java:77) ~[na:na]
	at java.base/jdk.internal.reflect.DelegatingMethodAccessorImpl.invoke(DelegatingMethodAccessorImpl.java:43) ~[na:na]
	at java.base/java.lang.reflect.Method.invoke(Method.java:568) ~[na:na]
	at org.springframework.boot.devtools.restart.RestartLauncher.run(RestartLauncher.java:49) ~[spring-boot-devtools-2.6.8.jar:2.6.8]
Caused by: java.lang.NullPointerException: Cannot invoke "org.springframework.web.servlet.mvc.condition.PatternsRequestCondition.getPatterns()" because "this.condition" is null
	at springfox.documentation.spring.web.WebMvcPatternsRequestConditionWrapper.getPatterns(WebMvcPatternsRequestConditionWrapper.java:56) ~[springfox-spring-webmvc-3.0.0.jar:3.0.0]
	at springfox.documentation.RequestHandler.sortedPaths(RequestHandler.java:113) ~[springfox-core-3.0.0.jar:3.0.0]
	at springfox.documentation.spi.service.contexts.Orderings.lambda$byPatternsCondition$3(Orderings.java:89) ~[springfox-spi-3.0.0.jar:3.0.0]
	at java.base/java.util.Comparator.lambda$comparing$77a9974f$1(Comparator.java:473) ~[na:na]
	at java.base/java.util.TimSort.countRunAndMakeAscending(TimSort.java:355) ~[na:na]
	at java.base/java.util.TimSort.sort(TimSort.java:220) ~[na:na]
	at java.base/java.util.Arrays.sort(Arrays.java:1307) ~[na:na]
	at java.base/java.util.ArrayList.sort(ArrayList.java:1721) ~[na:na]
	at java.base/java.util.stream.SortedOps$RefSortingSink.end(SortedOps.java:392) ~[na:na]
	at java.base/java.util.stream.Sink$ChainedReference.end(Sink.java:258) ~[na:na]
	at java.base/java.util.stream.Sink$ChainedReference.end(Sink.java:258) ~[na:na]
	at java.base/java.util.stream.Sink$ChainedReference.end(Sink.java:258) ~[na:na]
	at java.base/java.util.stream.Sink$ChainedReference.end(Sink.java:258) ~[na:na]
	at java.base/java.util.stream.AbstractPipeline.copyInto(AbstractPipeline.java:510) ~[na:na]
	at java.base/java.util.stream.AbstractPipeline.wrapAndCopyInto(AbstractPipeline.java:499) ~[na:na]
	at java.base/java.util.stream.ReduceOps$ReduceOp.evaluateSequential(ReduceOps.java:921) ~[na:na]
	at java.base/java.util.stream.AbstractPipeline.evaluate(AbstractPipeline.java:234) ~[na:na]
	at java.base/java.util.stream.ReferencePipeline.collect(ReferencePipeline.java:682) ~[na:na]
	at springfox.documentation.spring.web.plugins.WebMvcRequestHandlerProvider.requestHandlers(WebMvcRequestHandlerProvider.java:81) ~[springfox-spring-webmvc-3.0.0.jar:3.0.0]
	at java.base/java.util.stream.ReferencePipeline$3$1.accept(ReferencePipeline.java:197) ~[na:na]
	at java.base/java.util.ArrayList$ArrayListSpliterator.forEachRemaining(ArrayList.java:1625) ~[na:na]
	at java.base/java.util.stream.AbstractPipeline.copyInto(AbstractPipeline.java:509) ~[na:na]
	at java.base/java.util.stream.AbstractPipeline.wrapAndCopyInto(AbstractPipeline.java:499) ~[na:na]
	at java.base/java.util.stream.ReduceOps$ReduceOp.evaluateSequential(ReduceOps.java:921) ~[na:na]
	at java.base/java.util.stream.AbstractPipeline.evaluate(AbstractPipeline.java:234) ~[na:na]
	at java.base/java.util.stream.ReferencePipeline.collect(ReferencePipeline.java:682) ~[na:na]
	at springfox.documentation.spring.web.plugins.AbstractDocumentationPluginsBootstrapper.withDefaults(AbstractDocumentationPluginsBootstrapper.java:107) ~[springfox-spring-web-3.0.0.jar:3.0.0]
	at springfox.documentation.spring.web.plugins.AbstractDocumentationPluginsBootstrapper.buildContext(AbstractDocumentationPluginsBootstrapper.java:91) ~[springfox-spring-web-3.0.0.jar:3.0.0]
	at springfox.documentation.spring.web.plugins.AbstractDocumentationPluginsBootstrapper.bootstrapDocumentationPlugins(AbstractDocumentationPluginsBootstrapper.java:82) ~[springfox-spring-web-3.0.0.jar:3.0.0]
	at springfox.documentation.spring.web.plugins.DocumentationPluginsBootstrapper.start(DocumentationPluginsBootstrapper.java:100) ~[springfox-spring-web-3.0.0.jar:3.0.0]
	at org.springframework.context.support.DefaultLifecycleProcessor.doStart(DefaultLifecycleProcessor.java:178) ~[spring-context-5.3.20.jar:5.3.20]
	... 19 common frames omitted

